Building DAG of jobs...
Using shell: /bin/bash
Provided cores: 1
Rules claiming more threads will be scaled down.
Job counts:
	count	jobs
	1	all
	1	listToXML
	2

rule listToXML:
    input: countsIDs.csv
    output: idXML.xml
    jobid: 1

    Error in rule listToXML:
        jobid: 1
        output: idXML.xml

RuleException:
CalledProcessError in line 16 of /home/shane/Documents/GIT/SnakemakeOpdracht/Snakefile:
Command ' set -euo pipefail;  /home/shane/Documents/GIT/SnakemakeOpdracht/.SnakeMake/bin/python3 /home/shane/Documents/GIT/SnakemakeOpdracht/.snakemake.58kvebyb.idListtoXML.py ' returned non-zero exit status 1.
  File "/home/shane/Documents/GIT/SnakemakeOpdracht/Snakefile", line 16, in __rule_listToXML
  File "/home/shane/Software/Anaconda/anaconda3/lib/python3.6/concurrent/futures/thread.py", line 56, in run
Shutting down, this might take some time.
Exiting because a job execution failed. Look above for error message
Complete log: /home/shane/Documents/GIT/SnakemakeOpdracht/.snakemake/log/2018-06-05T124014.455422.snakemake.log
