Building DAG of jobs...
Using shell: /bin/bash
Provided cores: 1
Rules claiming more threads will be scaled down.
Job counts:
	count	jobs
	1	all
	1	getGeneID
	1	listToXML
	3

rule getGeneID:
    input: RNA-Seq-counts.txt
    output: countsIDs.csv
    jobid: 2

Finished job 2.
1 of 3 steps (33%) done

rule listToXML:
    input: countsIDs.csv
    output: idXML.xml
    jobid: 1

Finished job 1.
2 of 3 steps (67%) done

localrule all:
    input: idXML.xml
    jobid: 0

Finished job 0.
3 of 3 steps (100%) done
Complete log: /home/shane/Documents/GIT/SnakemakeOpdracht/.snakemake/log/2018-06-05T123410.509312.snakemake.log
