Building DAG of jobs...
Using shell: /bin/bash
Provided cores: 1
Rules claiming more threads will be scaled down.
Job counts:
	count	jobs
	1	listToXML
	1

rule listToXML:
    input: countsIDs.csv
    output: idXML.xml
    jobid: 0

    Error in rule listToXML:
        jobid: 0
        output: idXML.xml

RuleException:
WorkflowError in line 16 of /home/shane/Documents/GIT/SnakemakeOpdracht/Snakefile:
URLError: <urlopen error [Errno 2] No such file or directory: '/home/shane/Documents/GIT/SnakemakeOpdracht/idlisttoXML.py'>
  File "/home/shane/Documents/GIT/SnakemakeOpdracht/Snakefile", line 16, in __rule_listToXML
  File "/home/shane/Software/Anaconda/anaconda3/lib/python3.6/concurrent/futures/thread.py", line 56, in run
Shutting down, this might take some time.
Exiting because a job execution failed. Look above for error message
Complete log: /home/shane/Documents/GIT/SnakemakeOpdracht/.snakemake/log/2018-06-05T124456.448700.snakemake.log
